
2024-02-26 15:16:52,378 ROI Json data read success
2024-02-26 15:16:52,380 Thread started sucess
2024-02-26 15:16:52,538 ROI Json data read success
2024-02-26 15:16:52,541 Thread started sucess
2024-02-26 15:16:52,704 ROI Json data read success
2024-02-26 15:16:52,707 Thread started sucess
2024-02-26 15:16:52,909 ROI Json data read success
2024-02-26 15:16:52,912 Thread started sucess
2024-02-26 15:19:40,828 ROI Json data read success
2024-02-26 15:21:18,279 ROI Json data read success
2024-02-26 15:21:18,280 Thread started sucess
2024-02-26 15:21:18,440 ROI Json data read success
2024-02-26 15:21:18,442 Thread started sucess
2024-02-26 15:21:18,613 ROI Json data read success
2024-02-26 15:21:18,616 Thread started sucess
2024-02-26 15:21:18,743 ROI Json data read success
2024-02-26 15:21:18,746 Thread started sucess
2024-02-26 15:21:31,681 ROI Json data read success
2024-02-26 15:21:31,684 Thread started sucess
2024-02-26 15:21:31,847 ROI Json data read success
2024-02-26 15:21:31,849 Thread started sucess
2024-02-26 15:21:32,012 ROI Json data read success
2024-02-26 15:21:32,014 Thread started sucess
2024-02-26 15:21:32,147 ROI Json data read success
2024-02-26 15:21:32,150 Thread started sucess
2024-02-26 15:22:00,250 ROI Json data read success
2024-02-26 15:22:00,251 Thread started sucess
2024-02-26 15:22:00,469 ROI Json data read success
2024-02-26 15:22:00,471 Thread started sucess
2024-02-26 15:22:00,670 ROI Json data read success
2024-02-26 15:22:00,673 Thread started sucess
2024-02-26 15:22:00,824 ROI Json data read success
2024-02-26 15:22:00,827 Thread started sucess
2024-02-26 15:22:57,691 ROI Json data read success
2024-02-26 15:22:57,694 Thread started sucess
2024-02-26 15:22:57,864 ROI Json data read success
2024-02-26 15:22:57,865 Thread started sucess
2024-02-26 15:22:57,990 ROI Json data read success
2024-02-26 15:22:57,991 Thread started sucess
2024-02-26 15:22:58,109 ROI Json data read success
2024-02-26 15:22:58,111 Thread started sucess
2024-02-26 15:24:15,687 ROI Json data read success
2024-02-26 15:24:15,689 Thread started sucess
2024-02-26 15:24:15,828 ROI Json data read success
2024-02-26 15:24:15,829 Thread started sucess
2024-02-26 15:24:16,005 ROI Json data read success
2024-02-26 15:24:16,006 Thread started sucess
2024-02-26 15:24:16,126 ROI Json data read success
2024-02-26 15:24:16,127 Thread started sucess
2024-02-26 15:33:57,790 ROI Json data read success
2024-02-26 15:33:57,791 Thread started sucess
2024-02-26 15:33:57,792 Thread started sucess
2024-02-26 15:33:57,794 Thread started sucess
2024-02-26 15:33:57,796 Thread started sucess
2024-02-26 15:34:29,335 ROI Json data read success
2024-02-26 15:34:29,336 Thread started sucess
2024-02-26 15:34:29,337 Thread started sucess
2024-02-26 15:34:29,337 Thread started sucess
2024-02-26 15:34:29,338 Thread started sucess
2024-02-26 15:35:06,014 ROI Json data read success
2024-02-26 15:35:06,015 Thread started sucess
2024-02-26 15:35:06,015 Thread started sucess
2024-02-26 15:35:06,016 Thread started sucess
2024-02-26 15:35:06,017 Thread started sucess
2024-02-26 15:36:02,348 ROI Json data read success
2024-02-26 15:36:02,348 Thread started sucess
2024-02-26 15:36:02,349 Thread started sucess
2024-02-26 15:36:02,350 Thread started sucess
2024-02-26 15:36:02,351 Thread started sucess
2024-02-26 15:36:25,989 ROI Json data read success
2024-02-26 15:36:25,990 Thread started sucess
2024-02-26 15:36:30,707 Exception occured while loading img in thread
Traceback (most recent call last):
  File "/home/wot-abhishek/JoiningDocument/AI_ML_Training/Abhishek-Bhatti-AI-ML-Training-2024/opencv-intro/trailer_plotting/Loaders/ImageLoader.py", line 13, in __init__
    self.load_img(img_path)
  File "/home/wot-abhishek/JoiningDocument/AI_ML_Training/Abhishek-Bhatti-AI-ML-Training-2024/opencv-intro/trailer_plotting/Loaders/ImageLoader.py", line 28, in load_img
    self.img.release()
AttributeError: 'numpy.ndarray' object has no attribute 'release'
2024-02-26 15:36:59,768 ROI Json data read success
2024-02-26 15:36:59,769 Thread started sucess
2024-02-26 15:37:01,955 Exception occured while loading img in thread
Traceback (most recent call last):
  File "/home/wot-abhishek/JoiningDocument/AI_ML_Training/Abhishek-Bhatti-AI-ML-Training-2024/opencv-intro/trailer_plotting/Loaders/ImageLoader.py", line 13, in __init__
    self.load_img(img_path)
  File "/home/wot-abhishek/JoiningDocument/AI_ML_Training/Abhishek-Bhatti-AI-ML-Training-2024/opencv-intro/trailer_plotting/Loaders/ImageLoader.py", line 28, in load_img
    self.img.release()
AttributeError: 'numpy.ndarray' object has no attribute 'release'
2024-02-26 15:37:07,897 ROI Json data read success
2024-02-26 15:37:07,898 Thread started sucess
2024-02-26 15:37:07,899 Thread started sucess
2024-02-26 15:37:07,899 Thread started sucess
2024-02-26 15:37:07,900 Thread started sucess
2024-02-26 15:41:15,957 ROI Json data read success
2024-02-26 15:41:15,958 Thread started sucess
2024-02-26 15:41:16,116 Exception occured while loading img in thread
Traceback (most recent call last):
  File "/home/wot-abhishek/JoiningDocument/AI_ML_Training/Abhishek-Bhatti-AI-ML-Training-2024/opencv-intro/trailer_plotting/Loaders/ImageLoader.py", line 14, in __init__
    self.rd = Roi_Drawer(rois,logger)
TypeError: __init__() missing 1 required positional argument: 'logger'
2024-02-26 15:41:38,185 ROI Json data read success
2024-02-26 15:41:38,186 Thread started sucess
2024-02-26 15:41:38,343 Exception occured while loading img in thread
Traceback (most recent call last):
  File "/home/wot-abhishek/JoiningDocument/AI_ML_Training/Abhishek-Bhatti-AI-ML-Training-2024/opencv-intro/trailer_plotting/Loaders/ImageLoader.py", line 14, in __init__
    self.rd = Roi_Drawer(self.img.rois,logger)
AttributeError: 'numpy.ndarray' object has no attribute 'rois'
2024-02-26 15:41:44,363 ROI Json data read success
2024-02-26 15:41:44,364 Thread started sucess
2024-02-26 15:41:44,516 Image loaded
2024-02-26 15:42:08,410 ROI Json data read success
2024-02-26 15:42:08,411 Thread started sucess
2024-02-26 15:42:08,570 Exception occured while loading img in thread
Traceback (most recent call last):
  File "/home/wot-abhishek/JoiningDocument/AI_ML_Training/Abhishek-Bhatti-AI-ML-Training-2024/opencv-intro/trailer_plotting/Loaders/ImageLoader.py", line 14, in __init__
    self.rd = Roi_Drawer(self.img,rois,logger)
  File "/home/wot-abhishek/JoiningDocument/AI_ML_Training/Abhishek-Bhatti-AI-ML-Training-2024/opencv-intro/trailer_plotting/Drawers/Roi_Drawer.py", line 10, in __init__
    self.draw_roi()
  File "/home/wot-abhishek/JoiningDocument/AI_ML_Training/Abhishek-Bhatti-AI-ML-Training-2024/opencv-intro/trailer_plotting/Drawers/Roi_Drawer.py", line 14, in draw_roi
    cv2.namedWindow(str(self.now), cv2.WINDOW_NORMAL)
AttributeError: 'Roi_Drawer' object has no attribute 'now'
2024-02-26 15:42:38,832 ROI Json data read success
2024-02-26 15:42:38,833 Thread started sucess
2024-02-26 15:42:41,622 Exception occured while loading img in thread
Traceback (most recent call last):
  File "/home/wot-abhishek/JoiningDocument/AI_ML_Training/Abhishek-Bhatti-AI-ML-Training-2024/opencv-intro/trailer_plotting/Loaders/ImageLoader.py", line 14, in __init__
    self.rd = Roi_Drawer(self.img,rois,logger)
  File "/home/wot-abhishek/JoiningDocument/AI_ML_Training/Abhishek-Bhatti-AI-ML-Training-2024/opencv-intro/trailer_plotting/Drawers/Roi_Drawer.py", line 11, in __init__
    self.draw_roi()
  File "/home/wot-abhishek/JoiningDocument/AI_ML_Training/Abhishek-Bhatti-AI-ML-Training-2024/opencv-intro/trailer_plotting/Drawers/Roi_Drawer.py", line 19, in draw_roi
    self.img.release()
AttributeError: 'numpy.ndarray' object has no attribute 'release'
2024-02-26 15:42:47,898 ROI Json data read success
2024-02-26 15:42:47,899 Thread started sucess
2024-02-26 15:42:47,899 Thread started sucess
2024-02-26 15:42:47,899 Thread started sucess
2024-02-26 15:42:47,899 Thread started sucess
2024-02-26 15:43:45,316 ROI Json data read success
2024-02-26 15:43:45,317 Thread started sucess
2024-02-26 15:43:45,318 Thread started sucess
2024-02-26 15:43:45,318 Thread started sucess
2024-02-26 15:43:45,319 Thread started sucess
2024-02-26 15:45:37,586 ROI Json data read success
2024-02-26 15:45:59,740 Thread started sucess
2024-02-26 15:45:59,740 Thread started sucess
2024-02-26 15:45:59,740 Thread started sucess
2024-02-26 15:45:59,740 Thread started sucess
2024-02-26 15:46:32,381 Thread started sucess
2024-02-26 15:46:32,381 Thread started sucess
2024-02-26 15:46:32,382 Thread started sucess
2024-02-26 15:46:32,382 Thread started sucess
2024-02-26 15:46:50,742 Thread started sucess
2024-02-26 15:46:50,742 Thread started sucess
2024-02-26 15:46:50,742 Thread started sucess
2024-02-26 15:46:50,742 Thread started sucess
2024-02-26 15:46:50,880 Image loaded
2024-02-26 15:46:50,882 Image loaded
2024-02-26 15:46:50,884 Image loaded
2024-02-26 15:46:50,887 Image loaded
2024-02-26 15:47:10,899 Thread started sucess
2024-02-26 15:52:00,379 ROI Json data read success
2024-02-26 15:52:00,379 Thread started sucess
2024-02-26 15:52:00,514 Exception occured while loading img in thread
Traceback (most recent call last):
  File "/home/wot-abhishek/JoiningDocument/AI_ML_Training/Abhishek-Bhatti-AI-ML-Training-2024/opencv-intro/trailer_plotting/Loaders/ImageLoader.py", line 14, in __init__
    self.rd = Roi_Drawer(self.img,rois,logger)
  File "/home/wot-abhishek/JoiningDocument/AI_ML_Training/Abhishek-Bhatti-AI-ML-Training-2024/opencv-intro/trailer_plotting/Drawers/Roi_Drawer.py", line 11, in __init__
    self.draw_roi()
  File "/home/wot-abhishek/JoiningDocument/AI_ML_Training/Abhishek-Bhatti-AI-ML-Training-2024/opencv-intro/trailer_plotting/Drawers/Roi_Drawer.py", line 17, in draw_roi
    roi_Road = Polygon(self.rois['Road'])
KeyError: 'Road'
2024-02-26 15:52:58,787 ROI Json data read success
2024-02-26 15:52:58,788 Thread started sucess
2024-02-26 15:52:58,993 Exception occured while loading img in thread
Traceback (most recent call last):
  File "/home/wot-abhishek/JoiningDocument/AI_ML_Training/Abhishek-Bhatti-AI-ML-Training-2024/opencv-intro/trailer_plotting/Loaders/ImageLoader.py", line 14, in __init__
    self.rd = Roi_Drawer(self.img,rois,logger)
  File "/home/wot-abhishek/JoiningDocument/AI_ML_Training/Abhishek-Bhatti-AI-ML-Training-2024/opencv-intro/trailer_plotting/Drawers/Roi_Drawer.py", line 11, in __init__
    self.draw_roi()
  File "/home/wot-abhishek/JoiningDocument/AI_ML_Training/Abhishek-Bhatti-AI-ML-Training-2024/opencv-intro/trailer_plotting/Drawers/Roi_Drawer.py", line 19, in draw_roi
    cv2.polylines(self.img, [roi_TPP],  True, (0, 0, 255),   thickness=2)
cv2.error: OpenCV(4.9.0) :-1: error: (-5:Bad argument) in function 'polylines'
> Overload resolution failed:
>  - Can't parse 'pts'. Sequence item with index 0 has a wrong type
>  - Can't parse 'pts'. Sequence item with index 0 has a wrong type

2024-02-26 15:53:29,677 ROI Json data read success
2024-02-26 15:53:29,678 Thread started sucess
2024-02-26 15:53:29,885 Exception occured while loading img in thread
Traceback (most recent call last):
  File "/home/wot-abhishek/JoiningDocument/AI_ML_Training/Abhishek-Bhatti-AI-ML-Training-2024/opencv-intro/trailer_plotting/Loaders/ImageLoader.py", line 14, in __init__
    self.rd = Roi_Drawer(self.img,rois,logger)
  File "/home/wot-abhishek/JoiningDocument/AI_ML_Training/Abhishek-Bhatti-AI-ML-Training-2024/opencv-intro/trailer_plotting/Drawers/Roi_Drawer.py", line 11, in __init__
    self.draw_roi()
  File "/home/wot-abhishek/JoiningDocument/AI_ML_Training/Abhishek-Bhatti-AI-ML-Training-2024/opencv-intro/trailer_plotting/Drawers/Roi_Drawer.py", line 19, in draw_roi
    cv2.polylines(self.img, [self.rois['TPP']],  True, (0, 0, 255),   thickness=2)
cv2.error: OpenCV(4.9.0) :-1: error: (-5:Bad argument) in function 'polylines'
> Overload resolution failed:
>  - Can't parse 'pts'. Sequence item with index 0 has a wrong type
>  - Can't parse 'pts'. Sequence item with index 0 has a wrong type

2024-02-26 15:54:57,539 ROI Json data read success
2024-02-26 15:54:57,539 Thread started sucess
2024-02-26 15:55:23,993 Exception occured while loading img in thread
Traceback (most recent call last):
  File "/home/wot-abhishek/JoiningDocument/AI_ML_Training/Abhishek-Bhatti-AI-ML-Training-2024/opencv-intro/trailer_plotting/Loaders/ImageLoader.py", line 14, in __init__
    self.rd = Roi_Drawer(self.img,rois,logger)
  File "/home/wot-abhishek/JoiningDocument/AI_ML_Training/Abhishek-Bhatti-AI-ML-Training-2024/opencv-intro/trailer_plotting/Drawers/Roi_Drawer.py", line 11, in __init__
    self.draw_roi()
  File "/home/wot-abhishek/JoiningDocument/AI_ML_Training/Abhishek-Bhatti-AI-ML-Training-2024/opencv-intro/trailer_plotting/Drawers/Roi_Drawer.py", line 33, in draw_roi
    self.img.release()
AttributeError: 'numpy.ndarray' object has no attribute 'release'
2024-02-26 15:58:30,399 ROI Json data read success
2024-02-26 15:58:30,400 Thread started sucess
2024-02-26 15:58:33,089 Exception occured while loading img in thread
Traceback (most recent call last):
  File "/home/wot-abhishek/JoiningDocument/AI_ML_Training/Abhishek-Bhatti-AI-ML-Training-2024/opencv-intro/trailer_plotting/Loaders/ImageLoader.py", line 14, in __init__
    self.rd = Roi_Drawer(self.img,rois,logger)
  File "/home/wot-abhishek/JoiningDocument/AI_ML_Training/Abhishek-Bhatti-AI-ML-Training-2024/opencv-intro/trailer_plotting/Drawers/Roi_Drawer.py", line 12, in __init__
    self.draw_roi()
  File "/home/wot-abhishek/JoiningDocument/AI_ML_Training/Abhishek-Bhatti-AI-ML-Training-2024/opencv-intro/trailer_plotting/Drawers/Roi_Drawer.py", line 37, in draw_roi
    self.img.release()
AttributeError: 'numpy.ndarray' object has no attribute 'release'
2024-02-26 15:59:07,217 ROI Json data read success
2024-02-26 15:59:07,218 Thread started sucess
2024-02-26 15:59:21,889 Exception occured while loading img in thread
Traceback (most recent call last):
  File "/home/wot-abhishek/JoiningDocument/AI_ML_Training/Abhishek-Bhatti-AI-ML-Training-2024/opencv-intro/trailer_plotting/Loaders/ImageLoader.py", line 14, in __init__
    self.rd = Roi_Drawer(self.img,rois,logger)
  File "/home/wot-abhishek/JoiningDocument/AI_ML_Training/Abhishek-Bhatti-AI-ML-Training-2024/opencv-intro/trailer_plotting/Drawers/Roi_Drawer.py", line 12, in __init__
    self.draw_roi()
  File "/home/wot-abhishek/JoiningDocument/AI_ML_Training/Abhishek-Bhatti-AI-ML-Training-2024/opencv-intro/trailer_plotting/Drawers/Roi_Drawer.py", line 38, in draw_roi
    self.img.release()
AttributeError: 'numpy.ndarray' object has no attribute 'release'
2024-02-26 16:00:18,676 ROI Json data read success
2024-02-26 16:00:18,676 Thread started sucess
2024-02-26 16:00:47,265 Exception occured while loading img in thread
Traceback (most recent call last):
  File "/home/wot-abhishek/JoiningDocument/AI_ML_Training/Abhishek-Bhatti-AI-ML-Training-2024/opencv-intro/trailer_plotting/Loaders/ImageLoader.py", line 14, in __init__
    self.rd = Roi_Drawer(self.img,rois,logger)
  File "/home/wot-abhishek/JoiningDocument/AI_ML_Training/Abhishek-Bhatti-AI-ML-Training-2024/opencv-intro/trailer_plotting/Drawers/Roi_Drawer.py", line 12, in __init__
    self.draw_roi()
  File "/home/wot-abhishek/JoiningDocument/AI_ML_Training/Abhishek-Bhatti-AI-ML-Training-2024/opencv-intro/trailer_plotting/Drawers/Roi_Drawer.py", line 40, in draw_roi
    self.img.release()
AttributeError: 'numpy.ndarray' object has no attribute 'release'
2024-02-26 16:01:07,062 ROI Json data read success
2024-02-26 16:01:07,062 Thread started sucess
2024-02-26 16:01:07,063 Thread started sucess
2024-02-26 16:01:33,017 ROI Json data read success
2024-02-26 16:01:33,017 Thread started sucess
2024-02-26 16:01:33,018 Thread started sucess
2024-02-26 16:01:33,185 Image loaded
2024-02-26 16:01:33,185 Image loaded
2024-02-26 16:02:54,786 ROI Json data read success
2024-02-26 16:02:54,787 Thread started sucess
2024-02-26 16:03:24,001 Exception occured while loading img in thread
Traceback (most recent call last):
  File "/home/wot-abhishek/JoiningDocument/AI_ML_Training/Abhishek-Bhatti-AI-ML-Training-2024/opencv-intro/trailer_plotting/Loaders/ImageLoader.py", line 14, in __init__
    self.rd = Roi_Drawer(self.img,rois,logger)
  File "/home/wot-abhishek/JoiningDocument/AI_ML_Training/Abhishek-Bhatti-AI-ML-Training-2024/opencv-intro/trailer_plotting/Drawers/Roi_Drawer.py", line 12, in __init__
    self.draw_roi()
  File "/home/wot-abhishek/JoiningDocument/AI_ML_Training/Abhishek-Bhatti-AI-ML-Training-2024/opencv-intro/trailer_plotting/Drawers/Roi_Drawer.py", line 38, in draw_roi
    self.img.release()
AttributeError: 'numpy.ndarray' object has no attribute 'release'
2024-02-26 16:03:30,798 ROI Json data read success
2024-02-26 16:03:30,799 Thread started sucess
2024-02-26 16:03:37,168 Exception occured while loading img in thread
Traceback (most recent call last):
  File "/home/wot-abhishek/JoiningDocument/AI_ML_Training/Abhishek-Bhatti-AI-ML-Training-2024/opencv-intro/trailer_plotting/Loaders/ImageLoader.py", line 14, in __init__
    self.rd = Roi_Drawer(self.img,rois,logger)
  File "/home/wot-abhishek/JoiningDocument/AI_ML_Training/Abhishek-Bhatti-AI-ML-Training-2024/opencv-intro/trailer_plotting/Drawers/Roi_Drawer.py", line 12, in __init__
    self.draw_roi()
  File "/home/wot-abhishek/JoiningDocument/AI_ML_Training/Abhishek-Bhatti-AI-ML-Training-2024/opencv-intro/trailer_plotting/Drawers/Roi_Drawer.py", line 38, in draw_roi
    self.img.release()
AttributeError: 'numpy.ndarray' object has no attribute 'release'
2024-02-26 16:03:44,987 ROI Json data read success
2024-02-26 16:03:44,987 Thread started sucess
2024-02-26 16:03:50,968 Exception occured while loading img in thread
Traceback (most recent call last):
  File "/home/wot-abhishek/JoiningDocument/AI_ML_Training/Abhishek-Bhatti-AI-ML-Training-2024/opencv-intro/trailer_plotting/Loaders/ImageLoader.py", line 14, in __init__
    self.rd = Roi_Drawer(self.img,rois,logger)
  File "/home/wot-abhishek/JoiningDocument/AI_ML_Training/Abhishek-Bhatti-AI-ML-Training-2024/opencv-intro/trailer_plotting/Drawers/Roi_Drawer.py", line 12, in __init__
    self.draw_roi()
  File "/home/wot-abhishek/JoiningDocument/AI_ML_Training/Abhishek-Bhatti-AI-ML-Training-2024/opencv-intro/trailer_plotting/Drawers/Roi_Drawer.py", line 38, in draw_roi
    self.img.release()
AttributeError: 'numpy.ndarray' object has no attribute 'release'
2024-02-26 16:03:55,698 ROI Json data read success
2024-02-26 16:03:55,699 Thread started sucess
2024-02-26 16:03:58,879 Exception occured while loading img in thread
Traceback (most recent call last):
  File "/home/wot-abhishek/JoiningDocument/AI_ML_Training/Abhishek-Bhatti-AI-ML-Training-2024/opencv-intro/trailer_plotting/Loaders/ImageLoader.py", line 14, in __init__
    self.rd = Roi_Drawer(self.img,rois,logger)
  File "/home/wot-abhishek/JoiningDocument/AI_ML_Training/Abhishek-Bhatti-AI-ML-Training-2024/opencv-intro/trailer_plotting/Drawers/Roi_Drawer.py", line 12, in __init__
    self.draw_roi()
  File "/home/wot-abhishek/JoiningDocument/AI_ML_Training/Abhishek-Bhatti-AI-ML-Training-2024/opencv-intro/trailer_plotting/Drawers/Roi_Drawer.py", line 38, in draw_roi
    self.img.release()
AttributeError: 'numpy.ndarray' object has no attribute 'release'
2024-02-26 16:04:08,567 ROI Json data read success
2024-02-26 16:04:08,568 Thread started sucess
2024-02-26 16:04:17,134 Exception occured while loading img in thread
Traceback (most recent call last):
  File "/home/wot-abhishek/JoiningDocument/AI_ML_Training/Abhishek-Bhatti-AI-ML-Training-2024/opencv-intro/trailer_plotting/Loaders/ImageLoader.py", line 14, in __init__
    self.rd = Roi_Drawer(self.img,rois,logger)
  File "/home/wot-abhishek/JoiningDocument/AI_ML_Training/Abhishek-Bhatti-AI-ML-Training-2024/opencv-intro/trailer_plotting/Drawers/Roi_Drawer.py", line 12, in __init__
    self.draw_roi()
  File "/home/wot-abhishek/JoiningDocument/AI_ML_Training/Abhishek-Bhatti-AI-ML-Training-2024/opencv-intro/trailer_plotting/Drawers/Roi_Drawer.py", line 38, in draw_roi
    self.img.release()
AttributeError: 'numpy.ndarray' object has no attribute 'release'
2024-02-26 18:34:54,825 ROI Json data read success
2024-02-26 18:34:54,826 Thread started sucess
2024-02-26 18:36:38,001 Exception occured while loading img in thread
Traceback (most recent call last):
  File "/home/wot-abhishek/JoiningDocument/AI_ML_Training/Abhishek-Bhatti-AI-ML-Training-2024/opencv-intro/trailer_plotting/Loaders/ImageLoader.py", line 14, in __init__
    self.rd = Roi_Drawer(self.img,rois,logger)
  File "/home/wot-abhishek/JoiningDocument/AI_ML_Training/Abhishek-Bhatti-AI-ML-Training-2024/opencv-intro/trailer_plotting/Drawers/Roi_Drawer.py", line 12, in __init__
    self.draw_roi()
  File "/home/wot-abhishek/JoiningDocument/AI_ML_Training/Abhishek-Bhatti-AI-ML-Training-2024/opencv-intro/trailer_plotting/Drawers/Roi_Drawer.py", line 38, in draw_roi
    self.img.release()
AttributeError: 'numpy.ndarray' object has no attribute 'release'
2024-02-26 18:37:30,285 ROI Json data read success
2024-02-26 18:37:30,286 Thread started sucess
2024-02-28 09:58:34,306 ROI Json data read success
2024-02-28 09:58:34,307 Thread started sucess
2024-02-28 09:58:41,913 Image loaded
2024-02-28 09:59:17,788 ROI Json data read success
2024-02-28 09:59:17,788 Thread started sucess
2024-02-28 09:59:23,230 Image loaded
2024-02-28 09:59:47,670 ROI Json data read success
2024-02-28 09:59:47,670 Thread started sucess
2024-02-28 09:59:50,213 Exception occured while loading img in thread
Traceback (most recent call last):
  File "/home/wot-abhishek/JoiningDocument/AI_ML_Training/Abhishek-Bhatti-AI-ML-Training-2024/opencv-intro/trailer_plotting/Loaders/ImageLoader.py", line 14, in __init__
    self.rd = Roi_Drawer(self.img,rois,logger)
  File "/home/wot-abhishek/JoiningDocument/AI_ML_Training/Abhishek-Bhatti-AI-ML-Training-2024/opencv-intro/trailer_plotting/Drawers/Roi_Drawer.py", line 14, in __init__
    self.draw_roi()
  File "/home/wot-abhishek/JoiningDocument/AI_ML_Training/Abhishek-Bhatti-AI-ML-Training-2024/opencv-intro/trailer_plotting/Drawers/Roi_Drawer.py", line 42, in draw_roi
    self.img.release()
AttributeError: 'numpy.ndarray' object has no attribute 'release'
2024-02-28 09:59:56,008 ROI Json data read success
2024-02-28 09:59:56,008 Thread started sucess
2024-02-28 10:00:05,286 Exception occured while loading img in thread
Traceback (most recent call last):
  File "/home/wot-abhishek/JoiningDocument/AI_ML_Training/Abhishek-Bhatti-AI-ML-Training-2024/opencv-intro/trailer_plotting/Loaders/ImageLoader.py", line 14, in __init__
    self.rd = Roi_Drawer(self.img,rois,logger)
  File "/home/wot-abhishek/JoiningDocument/AI_ML_Training/Abhishek-Bhatti-AI-ML-Training-2024/opencv-intro/trailer_plotting/Drawers/Roi_Drawer.py", line 14, in __init__
    self.draw_roi()
  File "/home/wot-abhishek/JoiningDocument/AI_ML_Training/Abhishek-Bhatti-AI-ML-Training-2024/opencv-intro/trailer_plotting/Drawers/Roi_Drawer.py", line 42, in draw_roi
    self.img.release()
AttributeError: 'numpy.ndarray' object has no attribute 'release'
2024-02-28 10:04:01,908 ROI Json data read success
2024-02-28 10:04:01,909 Thread started sucess
2024-02-28 10:04:02,340 Exception occured while loading img in thread
Traceback (most recent call last):
  File "/home/wot-abhishek/JoiningDocument/AI_ML_Training/Abhishek-Bhatti-AI-ML-Training-2024/opencv-intro/trailer_plotting/Loaders/ImageLoader.py", line 14, in __init__
    self.rd = Roi_Drawer(self.img,rois,logger)
  File "/home/wot-abhishek/JoiningDocument/AI_ML_Training/Abhishek-Bhatti-AI-ML-Training-2024/opencv-intro/trailer_plotting/Drawers/Roi_Drawer.py", line 15, in __init__
    self.tp = trailer_plotter(self.img,self.rois)
  File "/home/wot-abhishek/JoiningDocument/AI_ML_Training/Abhishek-Bhatti-AI-ML-Training-2024/opencv-intro/trailer_plotting/Drawers/trailer_plotter.py", line 13, in __init__
    self.read_trailer_info('903.json')
  File "/home/wot-abhishek/JoiningDocument/AI_ML_Training/Abhishek-Bhatti-AI-ML-Training-2024/opencv-intro/trailer_plotting/Drawers/trailer_plotter.py", line 23, in read_trailer_info
    self.process_and_display_all_frames(x, 5120, 2560)
  File "/home/wot-abhishek/JoiningDocument/AI_ML_Training/Abhishek-Bhatti-AI-ML-Training-2024/opencv-intro/trailer_plotting/Drawers/trailer_plotter.py", line 78, in process_and_display_all_frames
    roi_TPP = np.array(self.rois['TPP'], np.int32)
AttributeError: 'trailer_plotter' object has no attribute 'rois'
2024-02-28 10:04:06,787 ROI Json data read success
2024-02-28 10:04:06,788 Thread started sucess
2024-02-28 10:04:07,202 Exception occured while loading img in thread
Traceback (most recent call last):
  File "/home/wot-abhishek/JoiningDocument/AI_ML_Training/Abhishek-Bhatti-AI-ML-Training-2024/opencv-intro/trailer_plotting/Loaders/ImageLoader.py", line 14, in __init__
    self.rd = Roi_Drawer(self.img,rois,logger)
  File "/home/wot-abhishek/JoiningDocument/AI_ML_Training/Abhishek-Bhatti-AI-ML-Training-2024/opencv-intro/trailer_plotting/Drawers/Roi_Drawer.py", line 15, in __init__
    self.tp = trailer_plotter(self.img,self.rois)
  File "/home/wot-abhishek/JoiningDocument/AI_ML_Training/Abhishek-Bhatti-AI-ML-Training-2024/opencv-intro/trailer_plotting/Drawers/trailer_plotter.py", line 13, in __init__
    self.read_trailer_info('903.json')
  File "/home/wot-abhishek/JoiningDocument/AI_ML_Training/Abhishek-Bhatti-AI-ML-Training-2024/opencv-intro/trailer_plotting/Drawers/trailer_plotter.py", line 23, in read_trailer_info
    self.process_and_display_all_frames(x, 5120, 2560)
  File "/home/wot-abhishek/JoiningDocument/AI_ML_Training/Abhishek-Bhatti-AI-ML-Training-2024/opencv-intro/trailer_plotting/Drawers/trailer_plotter.py", line 78, in process_and_display_all_frames
    roi_TPP = np.array(self.rois['TPP'], np.int32)
AttributeError: 'trailer_plotter' object has no attribute 'rois'
2024-02-28 10:04:44,374 ROI Json data read success
2024-02-28 10:04:44,374 Thread started sucess
2024-02-28 10:04:44,804 Exception occured while loading img in thread
Traceback (most recent call last):
  File "/home/wot-abhishek/JoiningDocument/AI_ML_Training/Abhishek-Bhatti-AI-ML-Training-2024/opencv-intro/trailer_plotting/Loaders/ImageLoader.py", line 14, in __init__
    self.rd = Roi_Drawer(self.img,rois,logger)
  File "/home/wot-abhishek/JoiningDocument/AI_ML_Training/Abhishek-Bhatti-AI-ML-Training-2024/opencv-intro/trailer_plotting/Drawers/Roi_Drawer.py", line 15, in __init__
    self.tp = trailer_plotter(self.img,self.rois)
  File "/home/wot-abhishek/JoiningDocument/AI_ML_Training/Abhishek-Bhatti-AI-ML-Training-2024/opencv-intro/trailer_plotting/Drawers/trailer_plotter.py", line 13, in __init__
    self.read_trailer_info('903.json')
  File "/home/wot-abhishek/JoiningDocument/AI_ML_Training/Abhishek-Bhatti-AI-ML-Training-2024/opencv-intro/trailer_plotting/Drawers/trailer_plotter.py", line 24, in read_trailer_info
    self.process_and_display_all_frames(x, 5120, 2560)
  File "/home/wot-abhishek/JoiningDocument/AI_ML_Training/Abhishek-Bhatti-AI-ML-Training-2024/opencv-intro/trailer_plotting/Drawers/trailer_plotter.py", line 79, in process_and_display_all_frames
    roi_TPP = np.array(self.rois['TPP'], np.int32)
AttributeError: 'trailer_plotter' object has no attribute 'rois'
2024-02-28 10:04:55,540 ROI Json data read success
2024-02-28 10:04:55,541 Thread started sucess
2024-02-28 10:04:55,959 Exception occured while loading img in thread
Traceback (most recent call last):
  File "/home/wot-abhishek/JoiningDocument/AI_ML_Training/Abhishek-Bhatti-AI-ML-Training-2024/opencv-intro/trailer_plotting/Loaders/ImageLoader.py", line 14, in __init__
    self.rd = Roi_Drawer(self.img,rois,logger)
  File "/home/wot-abhishek/JoiningDocument/AI_ML_Training/Abhishek-Bhatti-AI-ML-Training-2024/opencv-intro/trailer_plotting/Drawers/Roi_Drawer.py", line 15, in __init__
    self.tp = trailer_plotter(self.img,self.rois)
  File "/home/wot-abhishek/JoiningDocument/AI_ML_Training/Abhishek-Bhatti-AI-ML-Training-2024/opencv-intro/trailer_plotting/Drawers/trailer_plotter.py", line 13, in __init__
    self.read_trailer_info('903.json')
  File "/home/wot-abhishek/JoiningDocument/AI_ML_Training/Abhishek-Bhatti-AI-ML-Training-2024/opencv-intro/trailer_plotting/Drawers/trailer_plotter.py", line 24, in read_trailer_info
    self.process_and_display_all_frames(x, 5120, 2560)
  File "/home/wot-abhishek/JoiningDocument/AI_ML_Training/Abhishek-Bhatti-AI-ML-Training-2024/opencv-intro/trailer_plotting/Drawers/trailer_plotter.py", line 79, in process_and_display_all_frames
    roi_TPP = np.array(self.rois['TPP'], np.int32)
AttributeError: 'trailer_plotter' object has no attribute 'rois'
2024-02-28 10:05:08,786 ROI Json data read success
2024-02-28 10:05:08,786 Thread started sucess
2024-02-28 10:05:09,159 Exception occured while loading img in thread
Traceback (most recent call last):
  File "/home/wot-abhishek/JoiningDocument/AI_ML_Training/Abhishek-Bhatti-AI-ML-Training-2024/opencv-intro/trailer_plotting/Loaders/ImageLoader.py", line 14, in __init__
    self.rd = Roi_Drawer(self.img,rois,logger)
  File "/home/wot-abhishek/JoiningDocument/AI_ML_Training/Abhishek-Bhatti-AI-ML-Training-2024/opencv-intro/trailer_plotting/Drawers/Roi_Drawer.py", line 15, in __init__
    self.tp = trailer_plotter(self.img,self.rois)
  File "/home/wot-abhishek/JoiningDocument/AI_ML_Training/Abhishek-Bhatti-AI-ML-Training-2024/opencv-intro/trailer_plotting/Drawers/trailer_plotter.py", line 13, in __init__
    self.read_trailer_info('903.json')
  File "/home/wot-abhishek/JoiningDocument/AI_ML_Training/Abhishek-Bhatti-AI-ML-Training-2024/opencv-intro/trailer_plotting/Drawers/trailer_plotter.py", line 24, in read_trailer_info
    self.process_and_display_all_frames(x, 5120, 2560)
  File "/home/wot-abhishek/JoiningDocument/AI_ML_Training/Abhishek-Bhatti-AI-ML-Training-2024/opencv-intro/trailer_plotting/Drawers/trailer_plotter.py", line 79, in process_and_display_all_frames
    roi_TPP = np.array(self.rois['TPP'], np.int32)
AttributeError: 'trailer_plotter' object has no attribute 'rois'
2024-02-28 10:07:13,248 ROI Json data read success
2024-02-28 10:07:13,248 Thread started sucess
2024-02-28 10:07:29,394 Image loaded
2024-02-28 10:08:26,804 ROI Json data read success
2024-02-28 10:08:26,804 Thread started sucess
2024-02-28 10:08:43,183 Exception occured while loading img in thread
Traceback (most recent call last):
  File "/home/wot-abhishek/JoiningDocument/AI_ML_Training/Abhishek-Bhatti-AI-ML-Training-2024/opencv-intro/trailer_plotting/Loaders/ImageLoader.py", line 14, in __init__
    self.rd = Roi_Drawer(self.img,rois,logger)
  File "/home/wot-abhishek/JoiningDocument/AI_ML_Training/Abhishek-Bhatti-AI-ML-Training-2024/opencv-intro/trailer_plotting/Drawers/Roi_Drawer.py", line 14, in __init__
    self.draw_roi()
  File "/home/wot-abhishek/JoiningDocument/AI_ML_Training/Abhishek-Bhatti-AI-ML-Training-2024/opencv-intro/trailer_plotting/Drawers/Roi_Drawer.py", line 44, in draw_roi
    self.img.release()
AttributeError: 'numpy.ndarray' object has no attribute 'release'
2024-02-28 10:10:42,531 ROI Json data read success
2024-02-28 10:10:42,532 Thread started sucess
2024-02-28 10:11:01,475 Exception occured while loading img in thread
Traceback (most recent call last):
  File "/home/wot-abhishek/JoiningDocument/AI_ML_Training/Abhishek-Bhatti-AI-ML-Training-2024/opencv-intro/trailer_plotting/Loaders/ImageLoader.py", line 14, in __init__
    self.rd = Roi_Drawer(self.img,rois,logger)
  File "/home/wot-abhishek/JoiningDocument/AI_ML_Training/Abhishek-Bhatti-AI-ML-Training-2024/opencv-intro/trailer_plotting/Drawers/Roi_Drawer.py", line 14, in __init__
    self.draw_roi()
  File "/home/wot-abhishek/JoiningDocument/AI_ML_Training/Abhishek-Bhatti-AI-ML-Training-2024/opencv-intro/trailer_plotting/Drawers/Roi_Drawer.py", line 44, in draw_roi
    self.img.release()
AttributeError: 'numpy.ndarray' object has no attribute 'release'
2024-02-28 10:12:59,388 ROI Json data read success
2024-02-28 10:12:59,389 Thread started sucess
2024-02-28 10:13:03,118 Exception occured while loading img in thread
Traceback (most recent call last):
  File "/home/wot-abhishek/JoiningDocument/AI_ML_Training/Abhishek-Bhatti-AI-ML-Training-2024/opencv-intro/trailer_plotting/Loaders/ImageLoader.py", line 14, in __init__
    self.rd = Roi_Drawer(self.img,rois,logger)
  File "/home/wot-abhishek/JoiningDocument/AI_ML_Training/Abhishek-Bhatti-AI-ML-Training-2024/opencv-intro/trailer_plotting/Drawers/Roi_Drawer.py", line 14, in __init__
    self.draw_roi()
  File "/home/wot-abhishek/JoiningDocument/AI_ML_Training/Abhishek-Bhatti-AI-ML-Training-2024/opencv-intro/trailer_plotting/Drawers/Roi_Drawer.py", line 44, in draw_roi
    self.img.release()
AttributeError: 'numpy.ndarray' object has no attribute 'release'
2024-02-28 10:14:20,227 ROI Json data read success
2024-02-28 10:14:20,228 Thread started sucess
2024-02-28 10:14:20,636 Exception occured while loading img in thread
Traceback (most recent call last):
  File "/home/wot-abhishek/JoiningDocument/AI_ML_Training/Abhishek-Bhatti-AI-ML-Training-2024/opencv-intro/trailer_plotting/Loaders/ImageLoader.py", line 14, in __init__
    self.rd = Roi_Drawer(self.img,rois,logger)
  File "/home/wot-abhishek/JoiningDocument/AI_ML_Training/Abhishek-Bhatti-AI-ML-Training-2024/opencv-intro/trailer_plotting/Drawers/Roi_Drawer.py", line 15, in __init__
    self.tp = trailer_plotter(self.img,self.rois)
  File "/home/wot-abhishek/JoiningDocument/AI_ML_Training/Abhishek-Bhatti-AI-ML-Training-2024/opencv-intro/trailer_plotting/Drawers/trailer_plotter.py", line 16, in __init__
    self.read_trailer_info('903.json')
  File "/home/wot-abhishek/JoiningDocument/AI_ML_Training/Abhishek-Bhatti-AI-ML-Training-2024/opencv-intro/trailer_plotting/Drawers/trailer_plotter.py", line 26, in read_trailer_info
    self.process_and_display_all_frames(x, 5120, 2560)
  File "/home/wot-abhishek/JoiningDocument/AI_ML_Training/Abhishek-Bhatti-AI-ML-Training-2024/opencv-intro/trailer_plotting/Drawers/trailer_plotter.py", line 101, in process_and_display_all_frames
    processed_image = self.process_frame(frame_data, image_width, image_height)
  File "/home/wot-abhishek/JoiningDocument/AI_ML_Training/Abhishek-Bhatti-AI-ML-Training-2024/opencv-intro/trailer_plotting/Drawers/trailer_plotter.py", line 49, in process_frame
    cv2.rectangle(self.img, [roi_TPP],  True, (255,0,0),   thickness=4)
cv2.error: OpenCV(4.9.0) :-1: error: (-5:Bad argument) in function 'rectangle'
> Overload resolution failed:
>  - Can't parse 'pt1'. Expected sequence length 2, got 1
>  - Can't parse 'pt1'. Expected sequence length 2, got 1
>  - argument for rectangle() given by name ('thickness') and position (4)
>  - argument for rectangle() given by name ('thickness') and position (4)

2024-02-28 10:14:49,992 ROI Json data read success
2024-02-28 10:14:49,992 Thread started sucess
2024-02-28 10:15:04,863 Image loaded
2024-02-28 10:15:07,911 ROI Json data read success
2024-02-28 10:15:07,912 Thread started sucess
2024-02-28 10:15:25,312 Image loaded
2024-02-28 10:15:40,361 ROI Json data read success
2024-02-28 10:15:40,362 Thread started sucess
2024-02-28 10:16:05,612 Image loaded
2024-02-28 10:16:15,872 ROI Json data read success
2024-02-28 10:16:15,873 Thread started sucess
2024-02-28 10:16:19,476 Image loaded
2024-02-28 10:16:44,315 ROI Json data read success
2024-02-28 10:16:44,315 Thread started sucess
2024-02-28 10:16:52,874 Image loaded
2024-02-28 10:17:02,256 ROI Json data read success
2024-02-28 10:17:02,257 Thread started sucess
2024-02-28 10:17:05,563 Image loaded
2024-02-28 10:18:56,259 ROI Json data read success
2024-02-28 10:18:56,260 Thread started sucess
2024-02-28 10:18:58,927 Image loaded
2024-02-28 10:19:03,158 ROI Json data read success
2024-02-28 10:19:03,158 Thread started sucess
2024-02-28 10:19:09,776 Image loaded
2024-02-28 10:19:16,217 ROI Json data read success
2024-02-28 10:19:16,218 Thread started sucess
2024-02-28 10:19:25,766 Image loaded
2024-02-28 10:20:28,160 ROI Json data read success
2024-02-28 10:20:28,160 Thread started sucess
2024-02-28 10:20:46,978 Image loaded
2024-02-28 10:21:04,459 ROI Json data read success
2024-02-28 10:21:04,460 Thread started sucess
2024-02-28 10:21:08,043 Image loaded
2024-02-28 10:21:11,571 ROI Json data read success
2024-02-28 10:21:11,572 Thread started sucess
2024-02-28 10:21:32,791 Image loaded
2024-02-28 10:21:39,014 ROI Json data read success
2024-02-28 10:21:39,015 Thread started sucess
2024-02-28 10:21:48,957 Image loaded
2024-02-28 10:21:56,908 ROI Json data read success
2024-02-28 10:21:56,909 Thread started sucess
2024-02-28 10:22:22,903 Image loaded
2024-02-28 10:22:42,017 ROI Json data read success
2024-02-28 10:22:42,018 Thread started sucess
2024-02-28 10:22:48,365 Image loaded
2024-02-28 10:22:53,133 ROI Json data read success
2024-02-28 10:22:53,134 Thread started sucess
2024-02-28 10:23:09,107 Image loaded
2024-02-28 10:23:35,013 ROI Json data read success
2024-02-28 10:23:35,014 Thread started sucess
2024-02-28 10:23:45,570 Image loaded
2024-02-28 10:23:51,263 ROI Json data read success
2024-02-28 10:23:51,264 Thread started sucess
2024-02-28 10:24:24,487 Image loaded
2024-02-28 10:25:01,963 ROI Json data read success
2024-02-28 10:25:01,964 Thread started sucess
2024-02-28 10:25:33,959 Image loaded
2024-02-28 10:26:52,595 ROI Json data read success
2024-02-28 10:26:52,596 Thread started sucess
2024-02-28 10:27:16,253 Image loaded
2024-02-28 10:27:45,068 ROI Json data read success
2024-02-28 10:27:45,069 Thread started sucess
2024-02-28 10:28:13,256 Image loaded
2024-02-28 10:28:27,320 ROI Json data read success
2024-02-28 10:28:27,320 Thread started sucess
2024-02-28 10:28:35,057 Image loaded
2024-02-28 10:30:21,915 ROI Json data read success
2024-02-28 10:30:21,916 Thread started sucess
2024-02-28 10:30:25,104 Image loaded
2024-02-28 10:30:37,783 ROI Json data read success
2024-02-28 10:30:37,783 Thread started sucess
2024-02-28 10:31:22,468 Image loaded
2024-02-28 10:33:20,046 ROI Json data read success
2024-02-28 10:33:20,047 Thread started sucess
2024-02-28 10:33:35,091 Image loaded
2024-02-28 10:33:39,838 ROI Json data read success
2024-02-28 10:33:39,839 Thread started sucess
2024-02-28 10:34:11,518 Image loaded
2024-02-28 10:34:18,541 ROI Json data read success
2024-02-28 10:34:18,542 Thread started sucess
2024-02-28 10:34:29,488 Image loaded
2024-02-28 10:34:38,533 ROI Json data read success
2024-02-28 10:34:38,534 Thread started sucess
2024-02-28 10:34:54,895 Image loaded
2024-02-28 10:35:02,960 ROI Json data read success
2024-02-28 10:35:02,961 Thread started sucess
2024-02-28 10:35:14,773 Image loaded
2024-02-28 10:36:55,495 ROI Json data read success
2024-02-28 10:36:55,496 Thread started sucess
2024-02-28 10:37:02,402 Image loaded
2024-02-28 10:41:04,502 ROI Json data read success
2024-02-28 10:41:04,503 Thread started sucess
2024-02-28 10:41:10,496 Image loaded
2024-02-28 10:41:41,284 ROI Json data read success
2024-02-28 10:41:41,285 Thread started sucess
2024-02-28 10:41:58,594 ROI Json data read success
2024-02-28 10:41:58,594 Thread started sucess
2024-02-28 10:42:20,149 Image loaded
2024-02-28 10:42:39,712 ROI Json data read success
2024-02-28 10:42:39,713 Thread started sucess
2024-02-28 10:43:05,420 Image loaded
2024-02-28 10:43:35,707 ROI Json data read success
2024-02-28 10:43:35,708 Thread started sucess
2024-02-28 10:44:15,907 Image loaded
2024-02-28 10:45:31,021 ROI Json data read success
2024-02-28 10:45:31,022 Thread started sucess
2024-02-28 10:45:31,441 Exception occured while loading img in thread
Traceback (most recent call last):
  File "/home/wot-abhishek/JoiningDocument/AI_ML_Training/Abhishek-Bhatti-AI-ML-Training-2024/opencv-intro/trailer_plotting/Loaders/ImageLoader.py", line 14, in __init__
    self.rd = Roi_Drawer(self.img,rois,logger)
  File "/home/wot-abhishek/JoiningDocument/AI_ML_Training/Abhishek-Bhatti-AI-ML-Training-2024/opencv-intro/trailer_plotting/Drawers/Roi_Drawer.py", line 15, in __init__
    self.tp = trailer_plotter(self.img,self.rois)
  File "/home/wot-abhishek/JoiningDocument/AI_ML_Training/Abhishek-Bhatti-AI-ML-Training-2024/opencv-intro/trailer_plotting/Drawers/trailer_plotter.py", line 16, in __init__
    self.read_trailer_info('903.json')
  File "/home/wot-abhishek/JoiningDocument/AI_ML_Training/Abhishek-Bhatti-AI-ML-Training-2024/opencv-intro/trailer_plotting/Drawers/trailer_plotter.py", line 26, in read_trailer_info
    self.process_and_display_all_frames(x, 5120, 2560)
  File "/home/wot-abhishek/JoiningDocument/AI_ML_Training/Abhishek-Bhatti-AI-ML-Training-2024/opencv-intro/trailer_plotting/Drawers/trailer_plotter.py", line 90, in process_and_display_all_frames
    processed_image = self.process_frame(frame_data, image_width, image_height)
  File "/home/wot-abhishek/JoiningDocument/AI_ML_Training/Abhishek-Bhatti-AI-ML-Training-2024/opencv-intro/trailer_plotting/Drawers/trailer_plotter.py", line 79, in process_frame
    cv2.putText(self.img, "{:.2f}".format(ts), (30, 150), cv2.FONT_HERSHEY_SIMPLEX, 3, (255,255,255), 2)
ValueError: Unknown format code 'f' for object of type 'str'
2024-02-28 10:46:14,747 ROI Json data read success
2024-02-28 10:46:14,748 Thread started sucess
2024-02-28 10:46:36,366 Image loaded
2024-02-28 10:46:57,607 ROI Json data read success
2024-02-28 10:46:57,608 Thread started sucess
2024-02-28 10:47:18,480 Image loaded
2024-02-28 10:50:01,779 ROI Json data read success
2024-02-28 10:50:01,779 Thread started sucess
2024-02-28 10:50:13,571 Image loaded
2024-02-28 10:50:16,608 ROI Json data read success
2024-02-28 10:50:16,609 Thread started sucess
2024-02-28 10:50:32,643 Image loaded
2024-02-28 10:51:56,357 ROI Json data read success
2024-02-28 10:51:56,357 Thread started sucess
2024-02-28 10:52:09,830 Image loaded
2024-02-28 10:53:01,161 ROI Json data read success
2024-02-28 10:53:01,162 Thread started sucess
2024-02-28 10:53:10,591 Image loaded
2024-02-28 10:53:16,699 ROI Json data read success
2024-02-28 10:53:16,700 Thread started sucess
2024-02-28 10:53:37,537 Image loaded
2024-02-28 10:53:49,813 ROI Json data read success
2024-02-28 10:53:49,814 Thread started sucess
2024-02-28 10:54:45,680 Image loaded
2024-02-28 10:54:53,296 ROI Json data read success
2024-02-28 10:54:53,297 Thread started sucess
2024-02-28 10:55:14,052 Image loaded
2024-02-28 10:55:44,906 ROI Json data read success
2024-02-28 10:55:44,907 Thread started sucess
2024-02-28 10:55:54,798 Image loaded
2024-02-28 10:56:00,333 ROI Json data read success
2024-02-28 10:56:00,334 Thread started sucess
2024-02-28 10:56:03,251 Image loaded
2024-02-28 10:56:07,238 ROI Json data read success
2024-02-28 10:56:07,239 Thread started sucess
2024-02-28 10:56:21,540 Image loaded
2024-02-28 10:57:47,849 ROI Json data read success
2024-02-28 10:57:47,850 Thread started sucess
2024-02-28 10:58:00,650 Image loaded
2024-02-28 10:59:03,897 ROI Json data read success
2024-02-28 10:59:03,898 Thread started sucess
2024-02-28 10:59:18,226 Image loaded
2024-02-28 11:00:30,554 ROI Json data read success
2024-02-28 11:00:30,554 Thread started sucess
2024-02-28 11:00:58,446 Image loaded
2024-02-28 11:01:33,702 ROI Json data read success
2024-02-28 11:01:33,703 Thread started sucess
2024-02-28 11:03:32,242 Image loaded
2024-02-28 11:04:26,088 ROI Json data read success
2024-02-28 11:04:26,089 Thread started sucess
2024-02-28 11:04:26,519 Exception occured while loading img in thread
Traceback (most recent call last):
  File "/home/wot-abhishek/JoiningDocument/AI_ML_Training/Abhishek-Bhatti-AI-ML-Training-2024/opencv-intro/trailer_plotting/Loaders/ImageLoader.py", line 14, in __init__
    self.rd = Roi_Drawer(self.img,rois,logger)
  File "/home/wot-abhishek/JoiningDocument/AI_ML_Training/Abhishek-Bhatti-AI-ML-Training-2024/opencv-intro/trailer_plotting/Drawers/Roi_Drawer.py", line 15, in __init__
    self.tp = trailer_plotter(self.img,self.rois)
  File "/home/wot-abhishek/JoiningDocument/AI_ML_Training/Abhishek-Bhatti-AI-ML-Training-2024/opencv-intro/trailer_plotting/Drawers/trailer_plotter.py", line 16, in __init__
    self.read_trailer_info('903.json')
  File "/home/wot-abhishek/JoiningDocument/AI_ML_Training/Abhishek-Bhatti-AI-ML-Training-2024/opencv-intro/trailer_plotting/Drawers/trailer_plotter.py", line 26, in read_trailer_info
    self.process_and_display_all_frames(x, 5120, 2560)
  File "/home/wot-abhishek/JoiningDocument/AI_ML_Training/Abhishek-Bhatti-AI-ML-Training-2024/opencv-intro/trailer_plotting/Drawers/trailer_plotter.py", line 88, in process_and_display_all_frames
    processed_image = self.process_frame(frame_data, image_width, image_height)
  File "/home/wot-abhishek/JoiningDocument/AI_ML_Training/Abhishek-Bhatti-AI-ML-Training-2024/opencv-intro/trailer_plotting/Drawers/trailer_plotter.py", line 47, in process_frame
    cv2.polylines(self.img, [roi_TPP],  True, (255,0,0),   thickness=4)
cv2.error: OpenCV(4.9.0) /io/opencv/modules/imgproc/src/drawing.cpp:2464: error: (-215:Assertion failed) p.checkVector(2, CV_32S) >= 0 in function 'polylines'

2024-02-28 11:05:43,268 ROI Json data read success
2024-02-28 11:05:43,269 Thread started sucess
2024-02-28 11:06:17,243 Image loaded
2024-02-28 11:07:52,778 ROI Json data read success
2024-02-28 11:07:52,779 Thread started sucess
2024-02-28 11:08:23,970 Image loaded
2024-02-28 11:08:44,423 ROI Json data read success
2024-02-28 11:08:44,424 Thread started sucess
2024-02-28 11:08:56,806 Image loaded
2024-02-28 11:09:10,254 ROI Json data read success
2024-02-28 11:09:10,254 Thread started sucess
2024-02-28 11:09:40,856 Image loaded
2024-02-28 11:11:57,076 ROI Json data read success
2024-02-28 11:11:57,077 Thread started sucess
2024-02-28 11:12:04,103 Image loaded
2024-02-28 11:12:11,141 ROI Json data read success
2024-02-28 11:12:11,142 Thread started sucess
2024-02-28 11:12:27,520 Image loaded
2024-02-28 11:14:28,152 ROI Json data read success
2024-02-28 11:14:28,152 Thread started sucess
2024-02-28 11:14:34,171 Image loaded
2024-02-28 11:15:51,694 ROI Json data read success
2024-02-28 11:15:51,695 Thread started sucess
2024-02-28 11:15:52,142 Exception occured while loading img in thread
Traceback (most recent call last):
  File "/home/wot-abhishek/JoiningDocument/AI_ML_Training/Abhishek-Bhatti-AI-ML-Training-2024/opencv-intro/trailer_plotting/Loaders/ImageLoader.py", line 14, in __init__
    self.tp = trailer_plotter(self.img,rois)
  File "/home/wot-abhishek/JoiningDocument/AI_ML_Training/Abhishek-Bhatti-AI-ML-Training-2024/opencv-intro/trailer_plotting/Drawers/trailer_plotter.py", line 17, in __init__
    self.read_trailer_info('903.json')
  File "/home/wot-abhishek/JoiningDocument/AI_ML_Training/Abhishek-Bhatti-AI-ML-Training-2024/opencv-intro/trailer_plotting/Drawers/trailer_plotter.py", line 27, in read_trailer_info
    self.process_and_display_all_frames(x, 5120, 2560)
  File "/home/wot-abhishek/JoiningDocument/AI_ML_Training/Abhishek-Bhatti-AI-ML-Training-2024/opencv-intro/trailer_plotting/Drawers/trailer_plotter.py", line 93, in process_and_display_all_frames
    cv2.namedWindow(self.now,cv2.WINDOW_NORMAL)
TypeError: Can't convert object to 'str' for 'winname'
2024-02-28 11:16:25,766 ROI Json data read success
2024-02-28 11:16:25,767 Thread started sucess
2024-02-28 11:16:42,486 Image loaded
2024-02-28 11:20:27,163 ROI Json data read success
2024-02-28 11:22:02,602 ROI Json data read success
2024-02-28 11:22:02,603 Thread started sucess
2024-02-28 11:22:10,413 Image loaded
2024-02-28 11:22:15,997 ROI Json data read success
2024-02-28 11:22:15,998 Thread started sucess
2024-02-28 11:22:15,998 Thread started sucess
2024-02-28 11:24:23,958 ROI Json data read success
2024-02-28 11:24:24,113 Image loaded
2024-02-28 11:24:24,232 Image loaded
2024-02-28 11:26:57,628 ROI Json data read success
2024-02-28 11:26:57,629 Exception occured while loading img in thread
Traceback (most recent call last):
  File "/home/wot-abhishek/JoiningDocument/AI_ML_Training/Abhishek-Bhatti-AI-ML-Training-2024/opencv-intro/trailer_plotting/Loaders/ImageLoader.py", line 12, in __init__
    self.load_img(img_path)
TypeError: load_img() missing 2 required positional arguments: 'rois' and 'json_file_name'
2024-02-28 11:26:57,629 Exception occured while loading img in thread
Traceback (most recent call last):
  File "/home/wot-abhishek/JoiningDocument/AI_ML_Training/Abhishek-Bhatti-AI-ML-Training-2024/opencv-intro/trailer_plotting/Loaders/ImageLoader.py", line 12, in __init__
    self.load_img(img_path)
TypeError: load_img() missing 2 required positional arguments: 'rois' and 'json_file_name'
2024-02-28 11:27:19,181 ROI Json data read success
2024-02-28 11:27:19,182 Image loaded
2024-02-28 11:27:19,182 Image loaded
2024-02-28 11:27:52,823 ROI Json data read success
2024-02-28 11:27:52,824 Image loaded
2024-02-28 11:27:52,825 Image loaded
2024-02-28 12:02:23,077 ROI Json data read success
2024-02-28 12:02:23,077 Image loaded
2024-02-28 12:27:33,647 ROI Json data read success
2024-02-28 12:27:33,648 Exception occured while loading img in thread
Traceback (most recent call last):
  File "/home/wot-abhishek/JoiningDocument/AI_ML_Training/Abhishek-Bhatti-AI-ML-Training-2024/opencv-intro/trailer_plotting/Loaders/ImageLoader.py", line 15, in __init__
    self.tp = trailer_plotter(img_path,logger,self.img,rois,json_file_name)
AttributeError: 'ImageLoader' object has no attribute 'img'
2024-02-28 12:29:52,546 ROI Json data read success
2024-02-28 12:29:52,547 Exception occured while loading img in thread
Traceback (most recent call last):
  File "/home/wot-abhishek/JoiningDocument/AI_ML_Training/Abhishek-Bhatti-AI-ML-Training-2024/opencv-intro/trailer_plotting/Loaders/ImageLoader.py", line 15, in __init__
    self.tp = trailer_plotter(self.img,logger,rois,json_file_name)
AttributeError: 'ImageLoader' object has no attribute 'img'
2024-02-28 12:31:13,048 ROI Json data read success
2024-02-28 12:31:13,049 Exception occured while loading img in thread
Traceback (most recent call last):
  File "/home/wot-abhishek/JoiningDocument/AI_ML_Training/Abhishek-Bhatti-AI-ML-Training-2024/opencv-intro/trailer_plotting/Loaders/ImageLoader.py", line 15, in __init__
    self.tp = trailer_plotter(self.img,logger,rois,json_file_name)
AttributeError: 'ImageLoader' object has no attribute 'img'
2024-02-28 12:32:07,411 ROI Json data read success
2024-02-28 12:32:07,412 Image loaded
2024-02-28 12:32:24,007 ROI Json data read success
2024-02-28 12:32:24,008 Image loaded
2024-02-28 12:32:43,584 ROI Json data read success
2024-02-28 12:32:43,585 Image loaded
2024-02-28 12:33:05,302 ROI Json data read success
2024-02-28 12:33:05,302 Exception occured while loading img in thread
Traceback (most recent call last):
  File "/home/wot-abhishek/JoiningDocument/AI_ML_Training/Abhishek-Bhatti-AI-ML-Training-2024/opencv-intro/trailer_plotting/Loaders/ImageLoader.py", line 15, in __init__
    self.tp = trailer_plotter(self.img,logger,rois,json_file_name)
AttributeError: 'ImageLoader' object has no attribute 'img'
2024-02-28 12:33:27,810 ROI Json data read success
2024-02-28 12:33:28,239 Exception occured while loading img in thread
Traceback (most recent call last):
  File "/home/wot-abhishek/JoiningDocument/AI_ML_Training/Abhishek-Bhatti-AI-ML-Training-2024/opencv-intro/trailer_plotting/Loaders/ImageLoader.py", line 15, in __init__
    self.tp = trailer_plotter(self.img,logger,rois,json_file_name)
  File "/home/wot-abhishek/JoiningDocument/AI_ML_Training/Abhishek-Bhatti-AI-ML-Training-2024/opencv-intro/trailer_plotting/Drawers/trailer_plotter.py", line 18, in __init__
    self.read_trailer_info()
  File "/home/wot-abhishek/JoiningDocument/AI_ML_Training/Abhishek-Bhatti-AI-ML-Training-2024/opencv-intro/trailer_plotting/Drawers/trailer_plotter.py", line 34, in read_trailer_info
    self.process_and_display_all_frames(x, 5120, 2560)
  File "/home/wot-abhishek/JoiningDocument/AI_ML_Training/Abhishek-Bhatti-AI-ML-Training-2024/opencv-intro/trailer_plotting/Drawers/trailer_plotter.py", line 97, in process_and_display_all_frames
    self.q.put(processed_image)
AttributeError: 'trailer_plotter' object has no attribute 'q'
2024-02-28 12:34:27,238 ROI Json data read success
2024-02-28 12:34:27,677 Exception occured while loading img in thread
Traceback (most recent call last):
  File "/home/wot-abhishek/JoiningDocument/AI_ML_Training/Abhishek-Bhatti-AI-ML-Training-2024/opencv-intro/trailer_plotting/Loaders/ImageLoader.py", line 15, in __init__
    self.tp = trailer_plotter(self.img,logger,rois,json_file_name)
  File "/home/wot-abhishek/JoiningDocument/AI_ML_Training/Abhishek-Bhatti-AI-ML-Training-2024/opencv-intro/trailer_plotting/Drawers/trailer_plotter.py", line 19, in __init__
    self.read_trailer_info()
  File "/home/wot-abhishek/JoiningDocument/AI_ML_Training/Abhishek-Bhatti-AI-ML-Training-2024/opencv-intro/trailer_plotting/Drawers/trailer_plotter.py", line 35, in read_trailer_info
    self.process_and_display_all_frames(x, 5120, 2560)
  File "/home/wot-abhishek/JoiningDocument/AI_ML_Training/Abhishek-Bhatti-AI-ML-Training-2024/opencv-intro/trailer_plotting/Drawers/trailer_plotter.py", line 99, in process_and_display_all_frames
    self.Img_draw.display(self.q,self.json_file_name)
AttributeError: 'trailer_plotter' object has no attribute 'Img_draw'
2024-02-28 12:34:51,597 ROI Json data read success
2024-02-28 12:36:59,533 ROI Json data read success
2024-02-28 12:37:53,094 ROI Json data read success
2024-02-28 12:38:44,139 ROI Json data read success
2024-02-28 12:38:44,140 Exception occured while loading img in thread
Traceback (most recent call last):
  File "/home/wot-abhishek/JoiningDocument/AI_ML_Training/Abhishek-Bhatti-AI-ML-Training-2024/opencv-intro/trailer_plotting/Loaders/ImageLoader.py", line 15, in __init__
    self.tp = trailer_plotter(self.img,logger,rois,json_file_name)
AttributeError: 'ImageLoader' object has no attribute 'img'
2024-02-28 12:38:44,141 Exception occured while loading img in thread
Traceback (most recent call last):
  File "/home/wot-abhishek/JoiningDocument/AI_ML_Training/Abhishek-Bhatti-AI-ML-Training-2024/opencv-intro/trailer_plotting/Loaders/ImageLoader.py", line 15, in __init__
    self.tp = trailer_plotter(self.img,logger,rois,json_file_name)
AttributeError: 'ImageLoader' object has no attribute 'img'
2024-02-28 12:40:38,794 ROI Json data read success
2024-02-28 12:40:38,794 Image loaded
2024-02-28 12:40:38,795 Image loaded
2024-02-28 12:41:22,920 ROI Json data read success
2024-02-28 12:41:49,405 ROI Json data read success
2024-02-28 12:42:04,250 ROI Json data read success
2024-02-28 12:43:31,404 ROI Json data read success
2024-02-28 12:44:28,980 ROI Json data read success
2024-02-28 12:44:46,675 ROI Json data read success
2024-02-28 12:54:24,030 ROI Json data read success
2024-02-28 12:54:24,428 Exception occured while loading img in thread
Traceback (most recent call last):
  File "/home/wot-abhishek/JoiningDocument/AI_ML_Training/Abhishek-Bhatti-AI-ML-Training-2024/opencv-intro/trailer_plotting/Loaders/ImageLoader.py", line 15, in __init__
    self.tp = trailer_plotter(self.img,logger,rois,json_file_name)
  File "/home/wot-abhishek/JoiningDocument/AI_ML_Training/Abhishek-Bhatti-AI-ML-Training-2024/opencv-intro/trailer_plotting/Drawers/trailer_plotter.py", line 20, in __init__
    self.read_trailer_info()
  File "/home/wot-abhishek/JoiningDocument/AI_ML_Training/Abhishek-Bhatti-AI-ML-Training-2024/opencv-intro/trailer_plotting/Drawers/trailer_plotter.py", line 36, in read_trailer_info
    self.process_and_display_all_frames(x, 5120, 2560)
  File "/home/wot-abhishek/JoiningDocument/AI_ML_Training/Abhishek-Bhatti-AI-ML-Training-2024/opencv-intro/trailer_plotting/Drawers/trailer_plotter.py", line 99, in process_and_display_all_frames
    self.list1.append[processed_image]
TypeError: 'builtin_function_or_method' object is not subscriptable
2024-02-28 12:54:44,114 ROI Json data read success
2024-02-28 14:18:57,328 ROI Json data read success
2024-02-28 14:18:57,793 Exception occured while loading img in thread
Traceback (most recent call last):
  File "/home/wot-abhishek/JoiningDocument/AI_ML_Training/Abhishek-Bhatti-AI-ML-Training-2024/opencv-intro/trailer_plotting/Loaders/ImageLoader.py", line 17, in __init__
    self.tp = trailer_plotter(self.img,logger,rois,json_file_name,framelist)
  File "/home/wot-abhishek/JoiningDocument/AI_ML_Training/Abhishek-Bhatti-AI-ML-Training-2024/opencv-intro/trailer_plotting/Drawers/trailer_plotter.py", line 20, in __init__
    self.read_trailer_info(framelist)
  File "/home/wot-abhishek/JoiningDocument/AI_ML_Training/Abhishek-Bhatti-AI-ML-Training-2024/opencv-intro/trailer_plotting/Drawers/trailer_plotter.py", line 36, in read_trailer_info
    self.process_and_display_all_frames(x, 5120, 2560,framelist)
  File "/home/wot-abhishek/JoiningDocument/AI_ML_Training/Abhishek-Bhatti-AI-ML-Training-2024/opencv-intro/trailer_plotting/Drawers/trailer_plotter.py", line 98, in process_and_display_all_frames
    self.list1.append(processed_image)
AttributeError: 'trailer_plotter' object has no attribute 'list1'
2024-02-28 14:20:25,910 ROI Json data read success
2024-02-28 14:22:15,306 ROI Json data read success
2024-02-28 14:24:03,893 ROI Json data read success
2024-02-28 14:24:51,728 ROI Json data read success
2024-02-28 14:25:27,915 ROI Json data read success
2024-02-28 14:26:23,027 ROI Json data read success
2024-02-28 14:26:43,761 ROI Json data read success
2024-02-28 14:26:55,053 ROI Json data read success
2024-02-28 14:28:06,972 ROI Json data read success
2024-02-28 14:29:28,886 ROI Json data read success
2024-02-28 14:29:29,010 Image loaded
2024-02-28 14:31:30,641 ROI Json data read success
2024-02-28 14:31:30,793 Image loaded
2024-02-28 14:48:04,341 ROI Json data read success
2024-02-28 14:48:04,492 Image loaded
2024-02-28 14:49:01,447 ROI Json data read success
2024-02-28 14:49:01,600 Image loaded
2024-02-28 14:51:56,422 ROI Json data read success
2024-02-28 14:51:56,584 Image loaded
2024-02-28 14:52:21,692 ROI Json data read success
2024-02-28 14:52:21,822 Image loaded
2024-02-28 14:59:15,108 ROI Json data read success
2024-02-28 14:59:15,264 Image loaded
2024-02-28 15:00:49,474 ROI Json data read success
2024-02-28 15:00:49,629 Image loaded
2024-02-28 15:01:20,152 AT display finally
2024-02-28 15:02:56,819 ROI Json data read success
2024-02-28 15:02:56,819 Image loaded
2024-02-28 15:02:56,819 Exception occured while loading img in thread
Traceback (most recent call last):
  File "/home/wot-abhishek/JoiningDocument/AI_ML_Training/Abhishek-Bhatti-AI-ML-Training-2024/opencv-intro/trailer_plotting/Loaders/ImageLoader.py", line 20, in __init__
    self.tp = trailer_plotter(self.img,logger,rois,json_file_name,framelist)
AttributeError: 'ImageLoader' object has no attribute 'img'
2024-02-28 15:02:56,820 Image loaded
2024-02-28 15:02:56,820 Exception occured while loading img in thread
Traceback (most recent call last):
  File "/home/wot-abhishek/JoiningDocument/AI_ML_Training/Abhishek-Bhatti-AI-ML-Training-2024/opencv-intro/trailer_plotting/Loaders/ImageLoader.py", line 20, in __init__
    self.tp = trailer_plotter(self.img,logger,rois,json_file_name,framelist)
AttributeError: 'ImageLoader' object has no attribute 'img'
2024-02-28 15:04:34,920 ROI Json data read success
2024-02-28 15:04:34,920 Image loaded
2024-02-28 15:04:34,921 AT display finally
2024-02-28 15:04:34,921 Image loaded
2024-02-28 15:04:34,921 AT display finally
2024-02-28 15:07:10,905 ROI Json data read success
2024-02-28 15:07:10,906 Image loaded
2024-02-28 15:07:10,906 Exception occured while loading img in thread
Traceback (most recent call last):
  File "/home/wot-abhishek/JoiningDocument/AI_ML_Training/Abhishek-Bhatti-AI-ML-Training-2024/opencv-intro/trailer_plotting/Loaders/ImageLoader.py", line 17, in __init__
    self.load_img(img_path)
TypeError: load_img() missing 4 required positional arguments: 'logger', 'rois', 'json_file_name', and 'framelist'
2024-02-28 15:07:41,901 ROI Json data read success
2024-02-28 15:07:41,902 Image loaded
2024-02-28 15:08:11,152 AT display finally
2024-02-28 15:10:12,413 ROI Json data read success
2024-02-28 15:10:12,415 Image loaded
2024-02-28 15:10:53,232 ROI Json data read success
2024-02-28 15:10:53,234 Image loaded
2024-02-28 15:12:21,602 ROI Json data read success
2024-02-28 15:12:21,603 Image loaded
2024-02-28 15:12:57,291 ROI Json data read success
2024-02-28 15:12:57,292 Image loaded
2024-02-28 15:14:47,896 ROI Json data read success
2024-02-28 15:14:47,896 Image loaded
2024-02-28 15:14:49,978 AT display finally
2024-02-28 15:14:54,023 ROI Json data read success
2024-02-28 15:14:54,025 Image loaded
2024-02-28 15:15:12,092 AT display finally
2024-02-28 15:15:21,205 ROI Json data read success
2024-02-28 15:15:21,205 Image loaded
2024-02-28 15:15:21,205 Image loaded
2024-02-28 15:21:59,805 ROI Json data read success
2024-02-28 15:21:59,807 Image loaded
2024-02-28 15:21:59,807 Image loaded
2024-02-28 15:27:38,515 ROI Json data read success
2024-02-28 15:27:38,516 Image loaded
2024-02-28 15:29:31,768 ROI Json data read success
2024-02-28 15:29:31,769 Image loaded
2024-02-28 15:35:24,884 ROI Json data read success
2024-02-28 15:35:24,887 Image loaded
2024-02-28 15:35:24,887 Exception occured while loading img in thread
Traceback (most recent call last):
  File "/home/wot-abhishek/JoiningDocument/AI_ML_Training/Abhishek-Bhatti-AI-ML-Training-2024/opencv-intro/trailer_plotting/Loaders/ImageLoader.py", line 17, in __init__
    self.load_img(img_path)
AttributeError: 'ImageLoader' object has no attribute 'load_img'
2024-02-28 15:35:40,153 ROI Json data read success
2024-02-28 15:35:40,155 Image loaded
2024-02-28 15:39:17,498 ROI Json data read success
2024-02-28 15:39:17,500 Image loaded
2024-02-28 15:46:26,761 ROI Json data read success
2024-02-28 15:46:26,762 Image loaded
2024-02-28 15:46:27,679 AT display finally
2024-02-28 15:46:34,937 ROI Json data read success
2024-02-28 15:46:34,937 Image loaded
2024-02-28 15:46:35,970 AT display finally
2024-02-28 15:46:51,405 ROI Json data read success
2024-02-28 15:46:51,407 Image loaded
2024-02-28 15:46:52,378 AT display finally
2024-02-28 15:46:57,303 ROI Json data read success
2024-02-28 15:46:57,304 Image loaded
2024-02-28 15:46:58,285 AT display finally
2024-02-28 15:47:13,686 ROI Json data read success
2024-02-28 15:47:13,688 Image loaded
2024-02-28 15:47:14,625 AT display finally
2024-02-28 15:47:19,886 ROI Json data read success
2024-02-28 15:47:19,887 Image loaded
2024-02-28 15:47:20,852 AT display finally
2024-02-28 15:48:30,694 ROI Json data read success
2024-02-28 15:48:30,695 Image loaded
2024-02-28 15:49:04,756 ROI Json data read success
2024-02-28 15:49:04,756 Image loaded
2024-02-28 15:49:05,658 AT display finally
2024-02-28 15:49:56,908 ROI Json data read success
2024-02-28 15:49:56,909 Image loaded
2024-02-28 15:49:57,854 AT display finally
2024-02-28 15:51:55,198 ROI Json data read success
2024-02-28 15:51:55,200 Image loaded
2024-02-28 15:51:56,134 AT display finally
2024-02-28 15:52:07,676 ROI Json data read success
2024-02-28 15:52:07,677 Image loaded
2024-02-28 15:52:08,582 AT display finally
2024-02-28 15:53:13,869 ROI Json data read success
2024-02-28 15:53:13,870 Image loaded
2024-02-28 15:53:15,194 AT display finally
2024-02-28 15:53:45,736 ROI Json data read success
2024-02-28 15:53:45,736 Image loaded
2024-02-28 15:53:58,062 ROI Json data read success
2024-02-28 15:53:58,062 Image loaded
2024-02-28 15:54:19,243 ROI Json data read success
2024-02-28 15:54:19,244 Image loaded
2024-02-28 15:54:39,575 ROI Json data read success
2024-02-28 15:54:39,576 Image loaded
2024-02-28 15:54:54,708 ROI Json data read success
2024-02-28 15:54:54,709 Image loaded
2024-02-28 15:56:34,074 ROI Json data read success
2024-02-28 15:56:34,075 Image loaded
2024-02-28 15:57:50,235 ROI Json data read success
2024-02-28 15:57:50,235 Image loaded
2024-02-28 15:58:06,947 ROI Json data read success
2024-02-28 15:58:06,948 Image loaded
2024-02-28 16:00:20,661 ROI Json data read success
2024-02-28 16:00:20,662 Image loaded
2024-02-28 16:01:43,218 ROI Json data read success
2024-02-28 16:01:43,219 Image loaded
2024-02-28 16:03:51,646 ROI Json data read success
2024-02-28 16:03:51,646 Image loaded
2024-02-28 16:03:53,271 AT display finally
2024-02-28 16:05:49,160 ROI Json data read success
2024-02-28 16:05:49,161 Image loaded
2024-02-28 16:05:50,798 AT display finally
2024-02-28 16:06:25,436 ROI Json data read success
2024-02-28 16:06:25,436 Image loaded
2024-02-28 16:06:27,101 AT display finally
2024-02-28 16:06:43,491 ROI Json data read success
2024-02-28 16:06:43,492 Image loaded
2024-02-28 16:06:45,192 AT display finally
2024-02-28 16:07:00,828 ROI Json data read success
2024-02-28 16:07:00,828 Image loaded
2024-02-28 16:13:15,259 ROI Json data read success
2024-02-28 16:13:15,260 Image loaded
2024-02-28 16:13:29,013 ROI Json data read success
2024-02-28 16:13:29,014 Image loaded
2024-02-28 16:13:30,646 AT display finally
2024-02-28 16:13:38,971 ROI Json data read success
2024-02-28 16:13:38,972 Image loaded
2024-02-28 16:13:40,678 AT display finally
2024-02-28 16:15:00,578 ROI Json data read success
2024-02-28 16:15:00,579 Image loaded
2024-02-28 16:15:02,014 AT display finally
2024-02-28 16:15:12,820 ROI Json data read success
2024-02-28 16:15:12,821 Image loaded
2024-02-28 16:15:14,269 AT display finally
2024-02-28 16:15:28,887 ROI Json data read success
2024-02-28 16:15:28,887 Image loaded
2024-02-28 16:15:37,698 ROI Json data read success
2024-02-28 16:15:37,699 Image loaded
2024-02-28 16:15:48,431 AT display finally
2024-02-28 16:16:11,726 ROI Json data read success
2024-02-28 16:16:11,726 Image loaded
2024-02-28 16:16:26,802 ROI Json data read success
2024-02-28 16:16:26,803 Image loaded
2024-02-28 16:16:36,726 AT display finally
2024-02-28 16:16:51,218 ROI Json data read success
2024-02-28 16:16:51,218 Image loaded
2024-02-28 16:17:01,055 AT display finally
2024-02-28 16:17:31,669 ROI Json data read success
2024-02-28 16:17:31,670 Image loaded
2024-02-28 16:17:31,671 Image loaded
2024-02-28 16:17:46,766 AT display finally
2024-02-28 16:17:47,599 AT display finally
2024-02-28 16:18:31,238 ROI Json data read success
2024-02-28 16:18:31,238 Image loaded
2024-02-28 16:18:31,239 Image loaded
2024-02-28 16:21:01,843 ROI Json data read success
2024-02-28 16:21:01,843 Image loaded
2024-02-28 16:21:01,844 Image loaded
2024-02-28 16:21:17,552 AT display finally
2024-02-28 16:21:18,545 AT display finally
2024-02-28 16:21:54,864 ROI Json data read success
2024-02-28 16:21:54,864 Image loaded
2024-02-28 16:21:54,865 Image loaded
2024-02-28 16:22:09,344 ROI Json data read success
2024-02-28 16:22:09,344 Image loaded
2024-02-28 16:22:09,345 Image loaded
2024-02-28 16:22:26,257 AT display finally
2024-02-28 16:22:26,328 AT display finally
2024-02-28 16:23:03,869 ROI Json data read success
2024-02-28 16:23:03,869 Image loaded
2024-02-28 16:23:03,870 Image loaded
2024-02-28 16:23:06,501 AT display finally
2024-02-28 16:23:06,571 AT display finally
2024-02-28 16:24:31,766 ROI Json data read success
2024-02-28 16:24:31,766 Image loaded
2024-02-28 16:24:33,218 AT display finally
2024-02-28 16:24:36,848 ROI Json data read success
2024-02-28 16:24:36,849 Image loaded
2024-02-28 16:24:38,400 AT display finally
2024-02-28 16:24:44,585 ROI Json data read success
2024-02-28 16:24:44,585 Image loaded
2024-02-28 16:24:55,678 AT display finally
2024-02-28 16:25:13,598 ROI Json data read success
2024-02-28 16:25:13,598 Image loaded
2024-02-28 16:26:04,739 AT display finally
2024-02-28 16:26:49,825 ROI Json data read success
2024-02-28 16:26:49,825 Image loaded
2024-02-28 16:27:40,616 AT display finally
2024-02-28 16:28:46,205 ROI Json data read success
2024-02-28 16:28:46,206 Image loaded
2024-02-28 16:29:37,163 AT display finally
2024-02-28 16:32:20,397 ROI Json data read success
2024-02-28 16:32:20,397 Image loaded
2024-02-28 16:32:29,983 ROI Json data read success
2024-02-28 16:32:29,983 Image loaded
2024-02-28 16:32:47,983 ROI Json data read success
2024-02-28 16:32:47,983 Image loaded
2024-02-28 16:32:56,740 ROI Json data read success
2024-02-28 16:32:56,740 Image loaded
2024-02-28 16:32:56,741 Image loaded
2024-02-28 16:33:15,502 ROI Json data read success
2024-02-28 16:33:15,502 Image loaded
2024-02-28 16:33:15,503 Image loaded
2024-02-28 16:34:46,271 ROI Json data read success
2024-02-28 16:34:46,271 Image loaded
2024-02-28 16:34:46,271 Image loaded
2024-02-28 16:35:59,875 AT display finally
2024-02-28 16:36:00,734 AT display finally
2024-02-28 16:39:50,520 ROI Json data read success
2024-02-28 16:39:50,520 Image loaded
2024-02-28 16:39:50,521 Image loaded
2024-02-28 17:11:55,903 ROI Json data read success
2024-02-28 17:11:55,903 Image loaded
2024-02-28 17:11:55,903 Exception occured while loading img in thread
Traceback (most recent call last):
  File "/home/wot-abhishek/JoiningDocument/AI_ML_Training/Abhishek-Bhatti-AI-ML-Training-2024/opencv-intro/trailer_plotting/Loaders/ImageLoader.py", line 23, in __init__
    self.load_image_thread = Thread(target=self.trailer_plotter,args=(img_path,logger,rois,json_file_name))
AttributeError: 'ImageLoader' object has no attribute 'trailer_plotter'
2024-02-28 17:15:11,449 ROI Json data read success
2024-02-28 17:15:11,449 Image loaded
2024-02-28 17:15:22,097 AT display finally
2024-02-28 17:16:00,959 ROI Json data read success
2024-02-28 17:16:00,960 Image loaded
2024-02-28 17:16:10,760 AT display finally
2024-02-28 17:16:36,525 ROI Json data read success
2024-02-28 17:16:36,525 Image loaded
2024-02-28 17:16:46,935 AT display finally
2024-02-28 17:17:01,016 ROI Json data read success
2024-02-28 17:17:01,017 Image loaded
2024-02-28 17:17:52,012 ROI Json data read success
2024-02-28 17:17:52,012 Image loaded
2024-02-28 17:17:52,484 AT display finally
2024-02-28 17:18:16,161 ROI Json data read success
2024-02-28 17:18:16,161 Image loaded
2024-02-28 17:18:16,705 AT display finally
2024-02-28 17:18:20,313 ROI Json data read success
2024-02-28 17:18:20,314 Image loaded
2024-02-28 17:18:20,903 AT display finally
2024-02-28 17:18:23,705 ROI Json data read success
2024-02-28 17:18:23,705 Image loaded
2024-02-28 17:18:24,298 AT display finally
2024-02-28 17:18:36,955 ROI Json data read success
2024-02-28 17:18:36,956 Image loaded
2024-02-28 17:18:37,524 AT display finally
2024-02-28 17:19:01,865 ROI Json data read success
2024-02-28 17:19:01,865 Image loaded
2024-02-28 17:19:02,324 AT display finally
2024-02-28 17:19:12,322 ROI Json data read success
2024-02-28 17:19:12,322 Image loaded
2024-02-28 17:20:03,407 ROI Json data read success
2024-02-28 17:20:03,407 Image loaded
2024-02-28 17:20:22,189 AT display finally
2024-02-28 17:23:01,704 ROI Json data read success
2024-02-28 17:23:01,704 Image loaded
2024-02-28 17:24:07,031 ROI Json data read success
2024-02-28 17:24:07,032 Image loaded
2024-02-28 17:24:57,135 ROI Json data read success
2024-02-28 17:24:57,135 Image loaded
2024-02-28 17:51:51,690 ROI Json data read success
2024-02-28 18:09:47,462 ROI Json data read success
2024-02-28 18:09:47,462 Image loaded
2024-02-28 18:09:47,868 AT display finally
2024-02-28 18:11:19,255 ROI Json data read success
2024-02-28 18:11:19,255 Image loaded
2024-02-28 18:11:19,651 AT display finally
2024-02-28 18:11:40,428 ROI Json data read success
2024-02-28 18:11:40,428 Image loaded
2024-02-28 18:11:40,837 AT display finally
2024-02-28 18:11:59,887 ROI Json data read success
2024-02-28 18:11:59,888 Image loaded
2024-02-28 18:12:00,310 AT display finally
2024-02-28 18:13:55,479 ROI Json data read success
2024-02-28 18:13:55,479 Image loaded
2024-02-28 18:13:55,875 AT display finally
2024-02-28 18:19:05,712 ROI Json data read success
2024-02-28 18:19:05,712 Image loaded
2024-02-28 18:19:06,154 AT display finally
2024-02-28 18:21:34,602 ROI Json data read success
2024-02-28 18:21:34,602 Image loaded
2024-02-28 18:21:34,998 AT display finally
2024-02-28 18:21:51,013 ROI Json data read success
2024-02-28 18:21:51,013 Image loaded
2024-02-28 18:21:51,427 AT display finally
2024-02-28 18:22:12,534 ROI Json data read success
2024-02-28 18:22:12,534 Image loaded
2024-02-28 18:22:13,365 AT display finally
2024-02-28 18:22:36,078 ROI Json data read success
2024-02-28 18:22:36,078 Image loaded
2024-02-28 18:22:36,509 AT display finally
2024-02-28 18:22:36,509 Image loaded
2024-02-28 18:22:37,198 AT display finally
2024-02-28 18:23:25,248 ROI Json data read success
2024-02-28 18:23:25,249 Image loaded
2024-02-28 18:23:25,667 AT display finally
2024-02-28 18:23:25,667 Image loaded
2024-02-28 18:23:26,270 AT display finally
2024-02-28 18:24:21,059 ROI Json data read success
2024-02-28 18:24:21,060 Image loaded
2024-02-28 18:24:21,465 AT display finally
2024-02-28 18:24:21,466 Image loaded
2024-02-28 18:24:22,071 AT display finally
2024-02-28 18:25:20,683 ROI Json data read success
2024-02-28 18:25:20,683 Image loaded
2024-02-28 18:25:21,091 AT display finally
2024-02-28 18:25:21,091 Image loaded
2024-02-28 18:25:21,728 AT display finally
2024-02-28 18:25:41,488 ROI Json data read success
2024-02-28 18:25:41,489 Image loaded
2024-02-28 18:25:41,917 AT display finally
2024-02-28 18:25:41,917 Image loaded
2024-02-28 18:25:42,491 AT display finally
2024-02-28 18:27:33,567 ROI Json data read success
2024-02-28 18:27:33,567 Image loaded
2024-02-28 18:27:33,997 AT display finally
2024-02-28 18:27:58,303 ROI Json data read success
2024-02-28 18:27:58,304 Image loaded
2024-02-28 18:27:58,729 AT display finally
2024-02-28 18:27:58,730 Image loaded
2024-02-28 18:27:59,343 AT display finally
2024-02-28 18:28:32,597 ROI Json data read success
2024-02-28 18:28:32,597 Image loaded
2024-02-28 18:28:33,013 AT display finally
2024-02-28 18:28:33,013 Image loaded
2024-02-28 18:28:33,653 AT display finally
2024-02-28 18:29:32,990 ROI Json data read success
2024-02-28 18:29:32,990 Image loaded
2024-02-28 18:29:33,424 AT display finally
2024-02-28 18:30:13,089 ROI Json data read success
2024-02-28 18:30:13,089 Image loaded
2024-02-28 18:30:13,501 AT display finally
2024-02-28 18:31:48,330 ROI Json data read success
2024-02-28 18:31:48,330 Image loaded
2024-02-28 18:31:48,753 AT display finally
2024-02-28 18:33:08,516 ROI Json data read success
2024-02-28 18:33:08,517 Image loaded
2024-02-28 18:33:08,930 AT display finally
2024-02-28 18:33:36,771 ROI Json data read success
2024-02-28 18:33:36,771 Image loaded
2024-02-28 18:33:37,185 AT display finally
2024-02-28 18:36:07,569 ROI Json data read success
2024-02-28 18:36:07,569 Image loaded
2024-02-28 18:36:07,996 AT display finally
2024-02-28 18:37:51,206 ROI Json data read success
2024-02-28 18:37:51,206 Image loaded
2024-02-28 18:37:51,597 AT display finally
2024-02-28 18:40:01,182 ROI Json data read success
2024-02-28 18:40:01,183 Image loaded
2024-02-28 18:40:29,771 ROI Json data read success
2024-02-28 18:40:29,772 Image loaded
2024-02-28 18:40:30,219 AT display finally
2024-02-28 18:40:36,613 ROI Json data read success
2024-02-28 18:40:36,613 Image loaded
2024-02-28 18:40:37,996 AT display finally
2024-02-28 18:40:46,409 ROI Json data read success
2024-02-28 18:40:46,410 Image loaded
2024-02-28 18:40:46,899 AT display finally
2024-02-28 18:43:46,939 ROI Json data read success
2024-02-28 18:43:46,940 Image loaded
2024-02-28 18:43:47,357 AT display finally
2024-02-28 18:43:54,831 ROI Json data read success
2024-02-28 18:43:54,831 Image loaded
2024-02-28 18:43:55,228 AT display finally
2024-02-28 18:45:34,066 ROI Json data read success
2024-02-28 18:45:34,066 Image loaded
2024-02-28 18:45:34,463 AT display finally
2024-02-28 19:16:14,025 ROI Json data read success
2024-02-28 19:16:14,025 Image loaded
2024-02-28 19:16:14,616 AT display finally
2024-02-28 19:17:08,890 ROI Json data read success
2024-02-28 19:17:08,890 Image loaded
2024-02-28 19:17:09,526 AT display finally
2024-02-28 19:17:41,353 ROI Json data read success
2024-02-28 19:17:41,354 Image loaded
2024-02-28 19:17:41,785 AT display finally
2024-02-28 19:17:49,535 ROI Json data read success
2024-02-28 19:17:49,535 Image loaded
2024-02-28 19:17:49,966 AT display finally
2024-02-28 19:18:02,452 ROI Json data read success
2024-02-28 19:18:02,452 Image loaded
2024-02-28 19:18:03,037 AT display finally
2024-02-28 19:18:59,815 ROI Json data read success
2024-02-28 19:18:59,816 Image loaded
2024-02-28 19:19:00,435 AT display finally
2024-02-28 19:19:06,321 Image loaded
2024-02-28 19:19:07,801 AT display finally
2024-02-28 19:22:28,855 ROI Json data read success
2024-02-28 19:22:28,856 Image loaded
2024-02-28 19:22:29,504 AT display finally
2024-02-28 19:22:38,039 ROI Json data read success
2024-02-28 19:22:38,039 Image loaded
2024-02-28 19:22:38,627 AT display finally
2024-02-28 19:22:47,086 ROI Json data read success
2024-02-28 19:22:47,086 Image loaded
2024-02-28 19:22:47,717 AT display finally
2024-02-28 19:23:14,929 ROI Json data read success
2024-02-28 19:23:14,930 Image loaded
2024-02-28 19:23:15,562 AT display finally
2024-02-28 19:23:25,460 Image loaded
2024-02-28 19:23:26,494 AT display finally
2024-02-28 19:23:40,273 ROI Json data read success
2024-02-28 19:23:40,274 Image loaded
2024-02-28 19:23:40,891 AT display finally
2024-02-28 19:23:49,492 Image loaded
2024-02-28 19:23:50,365 AT display finally
2024-02-28 19:24:06,441 ROI Json data read success
2024-02-28 19:24:06,441 Image loaded
2024-02-28 19:24:07,101 AT display finally
2024-02-28 19:24:13,487 Image loaded
2024-02-28 19:25:01,730 ROI Json data read success
2024-02-28 19:25:01,731 Image loaded
2024-02-28 19:25:02,343 AT display finally
2024-02-28 19:25:06,277 Image loaded
2024-02-28 19:25:07,293 AT display finally
2024-02-28 19:25:31,420 ROI Json data read success
2024-02-28 19:25:31,421 Image loaded
2024-02-28 19:25:32,038 AT display finally
2024-02-28 19:25:35,332 Image loaded
2024-02-28 19:25:36,785 AT display finally
2024-02-28 19:28:19,739 ROI Json data read success
2024-02-28 19:28:19,740 Image loaded
2024-02-28 19:28:20,378 AT display finally
2024-02-28 19:28:38,596 ROI Json data read success
2024-02-28 19:28:38,597 Image loaded
2024-02-28 19:28:39,202 AT display finally
2024-02-28 19:29:03,019 ROI Json data read success
2024-02-28 19:29:03,020 Image loaded
2024-02-28 19:29:03,681 AT display finally
2024-02-28 19:29:22,250 ROI Json data read success
2024-02-28 19:29:22,250 Image loaded
2024-02-28 19:29:22,859 AT display finally
2024-02-28 19:29:33,087 ROI Json data read success
2024-02-28 19:29:33,088 Image loaded
2024-02-28 19:29:33,696 AT display finally
2024-02-28 19:29:50,456 ROI Json data read success
2024-02-28 19:29:50,456 Image loaded
2024-02-28 19:29:51,063 AT display finally
2024-02-28 19:30:03,105 ROI Json data read success
2024-02-28 19:30:03,105 Image loaded
2024-02-28 19:30:03,735 AT display finally
